c:\users\michael\code\fluidui.new\debug\vc140.pdb
c:\users\michael\code\fluidui.new\debug\vc140.idb
c:\users\michael\code\fluidui.new\debug\data.obj
c:\users\michael\code\fluidui.new\debug\userinterface.obj
c:\users\michael\code\fluidui.new\debug\fluidinterface.obj
c:\users\michael\code\fluidui.new\debug\main.obj
c:\users\michael\code\fluidui.new\debug\pointers.obj
c:\users\michael\code\fluidui.new\debug\display.obj
c:\users\michael\code\fluidui.new\debug\control.obj
c:\users\michael\code\fluidui.new\debug\fluidui.new.ilk
c:\users\michael\code\fluidui.new\debug\fluidui.new.exe
c:\users\michael\code\fluidui.new\debug\fluidui.new.pdb
c:\users\michael\code\fluidui.new\debug\fluidui.ilk
c:\users\michael\code\fluidui.new\debug\fluidui.pdb
c:\users\michael\code\fluidui.new\debug\fluidui.new.tlog\cl.command.1.tlog
c:\users\michael\code\fluidui.new\debug\fluidui.new.tlog\cl.read.1.tlog
c:\users\michael\code\fluidui.new\debug\fluidui.new.tlog\cl.write.1.tlog
c:\users\michael\code\fluidui.new\debug\fluidui.new.tlog\link.command.1.tlog
c:\users\michael\code\fluidui.new\debug\fluidui.new.tlog\link.read.1.tlog
c:\users\michael\code\fluidui.new\debug\fluidui.new.tlog\link.write.1.tlog
