c:\users\michael\code\tradingalgo1\debug\vc140.pdb
c:\users\michael\code\tradingalgo1\debug\vc140.idb
c:\users\michael\code\tradingalgo1\debug\tradingalgo1.obj
c:\users\michael\code\tradingalgo1\debug\tradingalgo2.obj
c:\users\michael\code\tradingalgo1\debug\cfluidtimerui.obj
c:\users\michael\code\tradingalgo1\debug\main.obj
c:\users\michael\code\tradingalgo1\debug\ctimerwindow.obj
c:\users\michael\code\fluidui\debug\vc140.pdb
c:\users\michael\code\fluidui\debug\vc140.idb
c:\users\michael\code\fluidui\debug\main.obj
c:\users\michael\code\fluidui\debug\cfluidtimerui.obj
c:\users\michael\code\tradingalgo1\debug\tradingalgo1.ilk
c:\users\michael\code\tradingalgo1\debug\tradingalgo1.exe
c:\users\michael\code\tradingalgo1\debug\tradingalgo1.pdb
c:\users\michael\code\fluidui\debug\tradingalgo1.ilk
c:\users\michael\code\fluidui\debug\tradingalgo1.exe
c:\users\michael\code\fluidui\debug\tradingalgo1.pdb
c:\users\michael\code\fluidui\debug\tradingalgo1.obj
c:\users\michael\code\fluidui\debug\tradingalgo2.obj
c:\users\michael\code\fluidui\debug\tradingalgo1.tlog\cl.command.1.tlog
c:\users\michael\code\fluidui\debug\tradingalgo1.tlog\cl.read.1.tlog
c:\users\michael\code\fluidui\debug\tradingalgo1.tlog\cl.write.1.tlog
c:\users\michael\code\fluidui\debug\tradingalgo1.tlog\link.command.1.tlog
c:\users\michael\code\fluidui\debug\tradingalgo1.tlog\link.read.1.tlog
c:\users\michael\code\fluidui\debug\tradingalgo1.tlog\link.write.1.tlog
